{"D:\\SETEC INSTITUE\\Year 3\\SA\\NodeAPI\\src\\models\\user.model.js": {"path":"D:\\SETEC INSTITUE\\Year 3\\SA\\NodeAPI\\src\\models\\user.model.js","statementMap":{"0":{"start":{"line":1,"column":11},"end":{"line":1,"column":13}},"1":{"start":{"line":2,"column":16},"end":{"line":2,"column":17}},"2":{"start":{"line":6,"column":8},"end":{"line":6,"column":21}},"3":{"start":{"line":7,"column":8},"end":{"line":7,"column":25}},"4":{"start":{"line":8,"column":8},"end":{"line":8,"column":27}},"5":{"start":{"line":9,"column":8},"end":{"line":9,"column":23}},"6":{"start":{"line":10,"column":8},"end":{"line":10,"column":36}},"7":{"start":{"line":11,"column":8},"end":{"line":11,"column":36}},"8":{"start":{"line":15,"column":19},"end":{"line":15,"column":30}},"9":{"start":{"line":16,"column":24},"end":{"line":16,"column":81}},"10":{"start":{"line":17,"column":8},"end":{"line":17,"column":27}},"11":{"start":{"line":18,"column":8},"end":{"line":18,"column":23}},"12":{"start":{"line":22,"column":8},"end":{"line":22,"column":59}},"13":{"start":{"line":22,"column":33},"end":{"line":22,"column":57}},"14":{"start":{"line":26,"column":22},"end":{"line":26,"column":70}},"15":{"start":{"line":26,"column":45},"end":{"line":26,"column":69}},"16":{"start":{"line":27,"column":8},"end":{"line":28,"column":24}},"17":{"start":{"line":28,"column":12},"end":{"line":28,"column":24}},"18":{"start":{"line":30,"column":8},"end":{"line":35,"column":10}},"19":{"start":{"line":36,"column":8},"end":{"line":36,"column":27}},"20":{"start":{"line":40,"column":22},"end":{"line":40,"column":70}},"21":{"start":{"line":40,"column":45},"end":{"line":40,"column":69}},"22":{"start":{"line":41,"column":8},"end":{"line":42,"column":24}},"23":{"start":{"line":42,"column":12},"end":{"line":42,"column":24}},"24":{"start":{"line":43,"column":28},"end":{"line":43,"column":39}},"25":{"start":{"line":44,"column":8},"end":{"line":44,"column":30}},"26":{"start":{"line":45,"column":8},"end":{"line":45,"column":27}},"27":{"start":{"line":49,"column":8},"end":{"line":49,"column":18}},"28":{"start":{"line":50,"column":8},"end":{"line":50,"column":22}},"29":{"start":{"line":53,"column":8},"end":{"line":53,"column":27}},"30":{"start":{"line":57,"column":8},"end":{"line":57,"column":20}},"31":{"start":{"line":61,"column":0},"end":{"line":61,"column":22}}},"fnMap":{"0":{"name":"(anonymous_0)","decl":{"start":{"line":5,"column":4},"end":{"line":5,"column":5}},"loc":{"start":{"line":5,"column":38},"end":{"line":12,"column":5}},"line":5},"1":{"name":"(anonymous_1)","decl":{"start":{"line":14,"column":4},"end":{"line":14,"column":5}},"loc":{"start":{"line":14,"column":28},"end":{"line":19,"column":5}},"line":14},"2":{"name":"(anonymous_2)","decl":{"start":{"line":21,"column":4},"end":{"line":21,"column":5}},"loc":{"start":{"line":21,"column":24},"end":{"line":23,"column":5}},"line":21},"3":{"name":"(anonymous_3)","decl":{"start":{"line":22,"column":25},"end":{"line":22,"column":26}},"loc":{"start":{"line":22,"column":33},"end":{"line":22,"column":57}},"line":22},"4":{"name":"(anonymous_4)","decl":{"start":{"line":25,"column":4},"end":{"line":25,"column":5}},"loc":{"start":{"line":25,"column":32},"end":{"line":37,"column":5}},"line":25},"5":{"name":"(anonymous_5)","decl":{"start":{"line":26,"column":37},"end":{"line":26,"column":38}},"loc":{"start":{"line":26,"column":45},"end":{"line":26,"column":69}},"line":26},"6":{"name":"(anonymous_6)","decl":{"start":{"line":39,"column":4},"end":{"line":39,"column":5}},"loc":{"start":{"line":39,"column":22},"end":{"line":46,"column":5}},"line":39},"7":{"name":"(anonymous_7)","decl":{"start":{"line":40,"column":37},"end":{"line":40,"column":38}},"loc":{"start":{"line":40,"column":45},"end":{"line":40,"column":69}},"line":40},"8":{"name":"(anonymous_8)","decl":{"start":{"line":48,"column":4},"end":{"line":48,"column":5}},"loc":{"start":{"line":48,"column":19},"end":{"line":51,"column":5}},"line":48},"9":{"name":"(anonymous_9)","decl":{"start":{"line":52,"column":4},"end":{"line":52,"column":5}},"loc":{"start":{"line":52,"column":19},"end":{"line":54,"column":5}},"line":52},"10":{"name":"(anonymous_10)","decl":{"start":{"line":56,"column":4},"end":{"line":56,"column":5}},"loc":{"start":{"line":56,"column":21},"end":{"line":58,"column":5}},"line":56}},"branchMap":{"0":{"loc":{"start":{"line":27,"column":8},"end":{"line":28,"column":24}},"type":"if","locations":[{"start":{"line":27,"column":8},"end":{"line":28,"column":24}},{"start":{},"end":{}}],"line":27},"1":{"loc":{"start":{"line":41,"column":8},"end":{"line":42,"column":24}},"type":"if","locations":[{"start":{"line":41,"column":8},"end":{"line":42,"column":24}},{"start":{},"end":{}}],"line":41}},"s":{"0":1,"1":1,"2":5,"3":5,"4":5,"5":5,"6":5,"7":5,"8":5,"9":5,"10":5,"11":5,"12":7,"13":3,"14":1,"15":1,"16":1,"17":0,"18":1,"19":1,"20":1,"21":1,"22":1,"23":0,"24":1,"25":1,"26":1,"27":9,"28":9,"29":0,"30":6,"31":1},"f":{"0":5,"1":5,"2":7,"3":3,"4":1,"5":1,"6":1,"7":1,"8":9,"9":0,"10":6},"b":{"0":[0,1],"1":[0,1]},"_coverageSchema":"1a1c01bbd47fc00a2c39e90264f33305004495a9","hash":"6415bff56f6c26da024aecaf1742812b75e79be8"}
,"D:\\SETEC INSTITUE\\Year 3\\SA\\NodeAPI\\src\\services\\userService.js": {"path":"D:\\SETEC INSTITUE\\Year 3\\SA\\NodeAPI\\src\\services\\userService.js","statementMap":{"0":{"start":{"line":1,"column":13},"end":{"line":1,"column":44}},"1":{"start":{"line":6,"column":8},"end":{"line":8,"column":9}},"2":{"start":{"line":7,"column":12},"end":{"line":7,"column":59}},"3":{"start":{"line":10,"column":29},"end":{"line":10,"column":81}},"4":{"start":{"line":10,"column":54},"end":{"line":10,"column":80}},"5":{"start":{"line":11,"column":8},"end":{"line":13,"column":9}},"6":{"start":{"line":12,"column":12},"end":{"line":12,"column":52}},"7":{"start":{"line":14,"column":8},"end":{"line":14,"column":37}},"8":{"start":{"line":17,"column":8},"end":{"line":17,"column":30}},"9":{"start":{"line":20,"column":21},"end":{"line":20,"column":38}},"10":{"start":{"line":21,"column":8},"end":{"line":23,"column":9}},"11":{"start":{"line":22,"column":12},"end":{"line":22,"column":46}},"12":{"start":{"line":24,"column":8},"end":{"line":24,"column":20}},"13":{"start":{"line":27,"column":21},"end":{"line":27,"column":38}},"14":{"start":{"line":28,"column":8},"end":{"line":30,"column":9}},"15":{"start":{"line":29,"column":12},"end":{"line":29,"column":46}},"16":{"start":{"line":32,"column":8},"end":{"line":37,"column":9}},"17":{"start":{"line":33,"column":33},"end":{"line":33,"column":85}},"18":{"start":{"line":33,"column":58},"end":{"line":33,"column":84}},"19":{"start":{"line":34,"column":12},"end":{"line":36,"column":13}},"20":{"start":{"line":35,"column":16},"end":{"line":35,"column":56}},"21":{"start":{"line":38,"column":8},"end":{"line":38,"column":41}},"22":{"start":{"line":41,"column":21},"end":{"line":41,"column":38}},"23":{"start":{"line":42,"column":8},"end":{"line":44,"column":9}},"24":{"start":{"line":43,"column":12},"end":{"line":43,"column":46}},"25":{"start":{"line":45,"column":8},"end":{"line":45,"column":31}},"26":{"start":{"line":49,"column":0},"end":{"line":49,"column":35}}},"fnMap":{"0":{"name":"(anonymous_0)","decl":{"start":{"line":4,"column":4},"end":{"line":4,"column":5}},"loc":{"start":{"line":4,"column":31},"end":{"line":15,"column":5}},"line":4},"1":{"name":"(anonymous_1)","decl":{"start":{"line":10,"column":49},"end":{"line":10,"column":50}},"loc":{"start":{"line":10,"column":54},"end":{"line":10,"column":80}},"line":10},"2":{"name":"(anonymous_2)","decl":{"start":{"line":16,"column":4},"end":{"line":16,"column":5}},"loc":{"start":{"line":16,"column":24},"end":{"line":18,"column":5}},"line":16},"3":{"name":"(anonymous_3)","decl":{"start":{"line":19,"column":4},"end":{"line":19,"column":5}},"loc":{"start":{"line":19,"column":26},"end":{"line":25,"column":5}},"line":19},"4":{"name":"(anonymous_4)","decl":{"start":{"line":26,"column":4},"end":{"line":26,"column":5}},"loc":{"start":{"line":26,"column":35},"end":{"line":39,"column":5}},"line":26},"5":{"name":"(anonymous_5)","decl":{"start":{"line":33,"column":53},"end":{"line":33,"column":54}},"loc":{"start":{"line":33,"column":58},"end":{"line":33,"column":84}},"line":33},"6":{"name":"(anonymous_6)","decl":{"start":{"line":40,"column":4},"end":{"line":40,"column":5}},"loc":{"start":{"line":40,"column":25},"end":{"line":46,"column":5}},"line":40}},"branchMap":{"0":{"loc":{"start":{"line":6,"column":8},"end":{"line":8,"column":9}},"type":"if","locations":[{"start":{"line":6,"column":8},"end":{"line":8,"column":9}},{"start":{},"end":{}}],"line":6},"1":{"loc":{"start":{"line":6,"column":12},"end":{"line":6,"column":45}},"type":"binary-expr","locations":[{"start":{"line":6,"column":12},"end":{"line":6,"column":26}},{"start":{"line":6,"column":30},"end":{"line":6,"column":45}}],"line":6},"2":{"loc":{"start":{"line":11,"column":8},"end":{"line":13,"column":9}},"type":"if","locations":[{"start":{"line":11,"column":8},"end":{"line":13,"column":9}},{"start":{},"end":{}}],"line":11},"3":{"loc":{"start":{"line":21,"column":8},"end":{"line":23,"column":9}},"type":"if","locations":[{"start":{"line":21,"column":8},"end":{"line":23,"column":9}},{"start":{},"end":{}}],"line":21},"4":{"loc":{"start":{"line":28,"column":8},"end":{"line":30,"column":9}},"type":"if","locations":[{"start":{"line":28,"column":8},"end":{"line":30,"column":9}},{"start":{},"end":{}}],"line":28},"5":{"loc":{"start":{"line":32,"column":8},"end":{"line":37,"column":9}},"type":"if","locations":[{"start":{"line":32,"column":8},"end":{"line":37,"column":9}},{"start":{},"end":{}}],"line":32},"6":{"loc":{"start":{"line":32,"column":12},"end":{"line":32,"column":59}},"type":"binary-expr","locations":[{"start":{"line":32,"column":12},"end":{"line":32,"column":26}},{"start":{"line":32,"column":30},"end":{"line":32,"column":59}}],"line":32},"7":{"loc":{"start":{"line":34,"column":12},"end":{"line":36,"column":13}},"type":"if","locations":[{"start":{"line":34,"column":12},"end":{"line":36,"column":13}},{"start":{},"end":{}}],"line":34},"8":{"loc":{"start":{"line":42,"column":8},"end":{"line":44,"column":9}},"type":"if","locations":[{"start":{"line":42,"column":8},"end":{"line":44,"column":9}},{"start":{},"end":{}}],"line":42}},"s":{"0":1,"1":7,"2":1,"3":6,"4":1,"5":6,"6":1,"7":5,"8":0,"9":3,"10":3,"11":2,"12":1,"13":2,"14":2,"15":1,"16":1,"17":0,"18":0,"19":0,"20":0,"21":1,"22":2,"23":2,"24":1,"25":1,"26":1},"f":{"0":7,"1":1,"2":0,"3":3,"4":2,"5":0,"6":2},"b":{"0":[1,6],"1":[7,6],"2":[1,5],"3":[2,1],"4":[1,1],"5":[0,1],"6":[1,0],"7":[0,0],"8":[1,1]},"_coverageSchema":"1a1c01bbd47fc00a2c39e90264f33305004495a9","hash":"87dcf8c0104f76a584be32f68dbf7425cbf180ba"}
}
