TN:
SF:src\app.js
FN:14,(anonymous_0)
FN:19,(anonymous_1)
FN:24,(anonymous_2)
FNF:3
FNH:1
FNDA:1,(anonymous_0)
FNDA:0,(anonymous_1)
FNDA:0,(anonymous_2)
DA:1,1
DA:2,1
DA:4,1
DA:7,1
DA:8,1
DA:11,1
DA:14,1
DA:15,1
DA:19,1
DA:20,0
DA:24,1
DA:25,0
DA:26,0
DA:33,1
LF:14
LH:11
BRDA:29,0,0,0
BRDA:29,0,1,0
BRF:2
BRH:0
end_of_record
TN:
SF:src\controllers\user.controller.js
FN:4,(anonymous_0)
FN:20,(anonymous_1)
FN:36,(anonymous_2)
FN:52,(anonymous_3)
FN:68,(anonymous_4)
FNF:5
FNH:5
FNDA:8,(anonymous_0)
FNDA:2,(anonymous_1)
FNDA:3,(anonymous_2)
FNDA:2,(anonymous_3)
FNDA:2,(anonymous_4)
DA:1,1
DA:5,8
DA:6,8
DA:7,7
DA:13,1
DA:21,2
DA:22,2
DA:23,2
DA:30,0
DA:37,3
DA:38,3
DA:39,1
DA:45,2
DA:46,2
DA:53,2
DA:54,2
DA:55,1
DA:61,1
DA:62,1
DA:69,2
DA:70,2
DA:71,1
DA:77,1
DA:78,1
DA:86,1
LF:25
LH:24
BRDA:45,0,0,2
BRDA:45,0,1,0
BRDA:61,1,0,1
BRDA:61,1,1,0
BRDA:77,2,0,1
BRDA:77,2,1,0
BRF:6
BRH:3
end_of_record
TN:
SF:src\middleware\validation.js
FN:18,(anonymous_0)
FN:34,(anonymous_1)
FNF:2
FNH:2
FNDA:11,(anonymous_0)
FNDA:8,(anonymous_1)
DA:1,1
DA:3,1
DA:19,11
DA:20,11
DA:21,1
DA:26,10
DA:30,1
DA:35,8
DA:36,8
DA:37,1
DA:42,7
DA:46,1
LF:12
LH:12
BRDA:20,0,0,1
BRDA:20,0,1,10
BRDA:36,1,0,1
BRDA:36,1,1,7
BRF:4
BRH:4
end_of_record
TN:
SF:src\models\user.model.js
FN:5,(anonymous_0)
FN:14,(anonymous_1)
FN:21,(anonymous_2)
FN:22,(anonymous_3)
FN:25,(anonymous_4)
FN:26,(anonymous_5)
FN:39,(anonymous_6)
FN:40,(anonymous_7)
FN:48,(anonymous_8)
FN:52,(anonymous_9)
FN:56,(anonymous_10)
FNF:11
FNH:10
FNDA:12,(anonymous_0)
FNDA:12,(anonymous_1)
FNDA:14,(anonymous_2)
FNDA:6,(anonymous_3)
FNDA:2,(anonymous_4)
FNDA:2,(anonymous_5)
FNDA:2,(anonymous_6)
FNDA:2,(anonymous_7)
FNDA:22,(anonymous_8)
FNDA:0,(anonymous_9)
FNDA:17,(anonymous_10)
DA:1,2
DA:2,2
DA:6,12
DA:7,12
DA:8,12
DA:9,12
DA:10,12
DA:11,12
DA:15,12
DA:16,12
DA:17,12
DA:18,12
DA:22,14
DA:26,2
DA:27,2
DA:28,0
DA:30,2
DA:36,2
DA:40,2
DA:41,2
DA:42,0
DA:43,2
DA:44,2
DA:45,2
DA:49,22
DA:50,22
DA:53,0
DA:57,17
DA:61,2
LF:29
LH:26
BRDA:27,0,0,0
BRDA:27,0,1,2
BRDA:41,1,0,0
BRDA:41,1,1,2
BRF:4
BRH:2
end_of_record
TN:
SF:src\routes\user.route.js
FNF:0
FNH:0
DA:1,1
DA:2,1
DA:3,1
DA:4,1
DA:7,1
DA:8,1
DA:9,1
DA:10,1
DA:11,1
DA:13,1
LF:10
LH:10
BRF:0
BRH:0
end_of_record
TN:
SF:src\services\userService.js
FN:4,(anonymous_0)
FN:10,(anonymous_1)
FN:16,(anonymous_2)
FN:19,(anonymous_3)
FN:26,(anonymous_4)
FN:33,(anonymous_5)
FN:40,(anonymous_6)
FNF:7
FNH:7
FNDA:15,(anonymous_0)
FNDA:3,(anonymous_1)
FNDA:2,(anonymous_2)
FNDA:6,(anonymous_3)
FNDA:4,(anonymous_4)
FNDA:1,(anonymous_5)
FNDA:4,(anonymous_6)
DA:1,2
DA:6,15
DA:7,1
DA:10,14
DA:11,14
DA:12,2
DA:14,12
DA:17,2
DA:20,6
DA:21,6
DA:22,4
DA:24,2
DA:27,4
DA:28,4
DA:29,2
DA:32,2
DA:33,1
DA:34,1
DA:35,0
DA:38,2
DA:41,4
DA:42,4
DA:43,2
DA:45,2
DA:49,2
LF:25
LH:24
BRDA:6,0,0,1
BRDA:6,0,1,14
BRDA:6,1,0,15
BRDA:6,1,1,14
BRDA:11,2,0,2
BRDA:11,2,1,12
BRDA:21,3,0,4
BRDA:21,3,1,2
BRDA:28,4,0,2
BRDA:28,4,1,2
BRDA:32,5,0,1
BRDA:32,5,1,1
BRDA:32,6,0,2
BRDA:32,6,1,1
BRDA:34,7,0,0
BRDA:34,7,1,1
BRDA:42,8,0,2
BRDA:42,8,1,2
BRF:18
BRH:17
end_of_record
