TN:
SF:src\models\user.model.js
FN:5,(anonymous_0)
FN:14,(anonymous_1)
FN:21,(anonymous_2)
FN:22,(anonymous_3)
FN:25,(anonymous_4)
FN:26,(anonymous_5)
FN:39,(anonymous_6)
FN:40,(anonymous_7)
FN:48,(anonymous_8)
FN:52,(anonymous_9)
FN:56,(anonymous_10)
FNF:11
FNH:10
FNDA:5,(anonymous_0)
FNDA:5,(anonymous_1)
FNDA:7,(anonymous_2)
FNDA:3,(anonymous_3)
FNDA:1,(anonymous_4)
FNDA:1,(anonymous_5)
FNDA:1,(anonymous_6)
FNDA:1,(anonymous_7)
FNDA:9,(anonymous_8)
FNDA:0,(anonymous_9)
FNDA:6,(anonymous_10)
DA:1,1
DA:2,1
DA:6,5
DA:7,5
DA:8,5
DA:9,5
DA:10,5
DA:11,5
DA:15,5
DA:16,5
DA:17,5
DA:18,5
DA:22,7
DA:26,1
DA:27,1
DA:28,0
DA:30,1
DA:36,1
DA:40,1
DA:41,1
DA:42,0
DA:43,1
DA:44,1
DA:45,1
DA:49,9
DA:50,9
DA:53,0
DA:57,6
DA:61,1
LF:29
LH:26
BRDA:27,0,0,0
BRDA:27,0,1,1
BRDA:41,1,0,0
BRDA:41,1,1,1
BRF:4
BRH:2
end_of_record
TN:
SF:src\services\userService.js
FN:4,(anonymous_0)
FN:10,(anonymous_1)
FN:16,(anonymous_2)
FN:19,(anonymous_3)
FN:26,(anonymous_4)
FN:33,(anonymous_5)
FN:40,(anonymous_6)
FNF:7
FNH:5
FNDA:7,(anonymous_0)
FNDA:1,(anonymous_1)
FNDA:0,(anonymous_2)
FNDA:3,(anonymous_3)
FNDA:2,(anonymous_4)
FNDA:0,(anonymous_5)
FNDA:2,(anonymous_6)
DA:1,1
DA:6,7
DA:7,1
DA:10,6
DA:11,6
DA:12,1
DA:14,5
DA:17,0
DA:20,3
DA:21,3
DA:22,2
DA:24,1
DA:27,2
DA:28,2
DA:29,1
DA:32,1
DA:33,0
DA:34,0
DA:35,0
DA:38,1
DA:41,2
DA:42,2
DA:43,1
DA:45,1
DA:49,1
LF:25
LH:21
BRDA:6,0,0,1
BRDA:6,0,1,6
BRDA:6,1,0,7
BRDA:6,1,1,6
BRDA:11,2,0,1
BRDA:11,2,1,5
BRDA:21,3,0,2
BRDA:21,3,1,1
BRDA:28,4,0,1
BRDA:28,4,1,1
BRDA:32,5,0,0
BRDA:32,5,1,1
BRDA:32,6,0,1
BRDA:32,6,1,0
BRDA:34,7,0,0
BRDA:34,7,1,0
BRDA:42,8,0,1
BRDA:42,8,1,1
BRF:18
BRH:14
end_of_record
